<?xml version="1.0" encoding="UTF-8"?>
<!-- Generated by org.testng.reporters.JUnitReportReporter -->
<testsuite skipped="0" hostname="Manish" name="newLearning.LearnTest" tests="1" failures="0" timestamp="27 Apr 2018 14:04:58 GMT" time="3.714" errors="0">
  <testcase name="add" time="3.714" classname="newLearning.LearnTest"/>
</testsuite> <!-- newLearning.LearnTest -->
